TESTS CASES
TESTS CASES


  SUITE - HASHTAG - PRIVATE SPACE
    âœ“ creates a new private space (1109ms)
    âœ“ creates a new public space (1316ms)
    âœ“ creates new hashtag #TEsting (1492ms)
    âœ“ creates new hashtag #tÃ©sting (2065ms)
    âœ“ Caso 1: Basic user gets posts filtering by hashtag (753ms)
    âœ“ Caso 2: User Admin joins basic user - private space (1071ms)
    âœ“ Caso 3: Joined user posts a hashtag - private space (1759ms)
    âœ“ Caso 4: Basic user joins himself to public space (1521ms)
    âœ“ Caso 5: Joined user posts a hashtag - public space (1741ms)
    âœ“ Caso 6: User admin filtered by hashtag for private space (1802ms)
    âœ“ Caso 7: Basic user filters by hashtag for private space (1450ms)
    âœ“ Caso 8: Basic user filters by hashtag by platform (987ms)

  SUITE - HASHTAG - PUBLIC SPACE
    1) creates a new public space
    2) creates new hashtag #testing
    3) creates new hashtag #TEsting
    4) creates new hashtag #tesTING
    5) creates new hashtag #TESTING
    6) creates new hashtag #Testing
    7) creates new hashtag #tÃ©sting
    8) creates new hashtag #ðŸ˜€%&!
    9) creates new hashtag #MarÃ­aGÃ¼illerminaGonÃ§alvesNuÃ±ezOcoÃ±or
    10) creates new hashtag #estoEsVÃ¡lidoHastaAcÃ¡ðŸ˜€loQueSigueNoEntra
    11) creates new hashtag ##testing
    12) creates new hashtag #EstosSonDos#Hashtags
    13) creates new hashtag #caracterÃ˜Especial #carÃ¢cterEspecial
    14) Create comment on a post1 #testing
    15) Create comment on a post2 #testing
    16) Create response with hashtag to comment1 with hashtag
    17) Create response with hashtag to comment2 with hashtag
    18) Caso 1: gets posts filtering by hashtag - valid upper / lower case
    19) Caso 2: Get posts filtering by hashtag - valid tilde
    20) Caso 3: Get posts filtering by hashtag - validate special characters allowed
    21) Caso 4: Get posts filtering by hashtag - validate to invalid character
    22) Caso 5: Get posts filtering by hashtag - valid first hashtag
    23) Caso 6: Get posts filtering by hashtag - validate hashtag second hashtag
    24) Caso 7: Get all posts in the space
    25) Caso 8: Get posts filtering by hashtag - valid range and pagination size 2
    26) Caso 9: Get posts filtering by hashtag - valid range and pagination size 3
    27) Caso 10: Get posts filtering by hashtag - olderThan

  SUITE - HASHTAG - SUGGESTIONS
    âœ“ fetches a profile user (728ms)
    âœ“ creates a new public space (1260ms)
    âœ“ creates a new company space (1042ms)
    âœ“ creates a new private space (1364ms)
    âœ“ creates new hashtag #testing (1426ms)
    âœ“ creates new hashtag #TEsting (1588ms)
    âœ“ Get posts filtering by hashtag - valid uppercase and lowercase (1797ms)
    âœ“ Get posts filtering by hashtag - valid uppercase and lowercase (1109ms)
    âœ“ creates new hashtag #testing (1506ms)
    âœ“ creates new hashtag #hash tag (1854ms)
    âœ“ creates new hashtag #hash-tag (1858ms)
    âœ“ creates new hashtag #testDeIntegracion - company space (2054ms)
    âœ“ creates new hashtag #testDeRegresion - private space (1672ms)
    âœ“ creates new hashtag #testDeRegresion - private space (1769ms)
    âœ“ Basic user filters suggestions publicly (585ms)
    âœ“ Basic user filters suggestions publicly (1163ms)
    âœ“ Basic user filters suggestions by space company (686ms)
    âœ“ User filters suggestions for private space (757ms)
    âœ“ Basic user filters suggestions without private space (599ms)
    âœ“ Basic user filters suggestions-spaceBlanco by public space (768ms)


  32 passing (1m)
  27 failing

  1) SUITE - HASHTAG - PUBLIC SPACE creates a new public space:
     Error: timeout of 40000ms exceeded. Ensure the done() callback is being called in this test.
  

  2) SUITE - HASHTAG - PUBLIC SPACE creates new hashtag #testing:
     TypeError: Cannot read property 'id' of null
      at Object.ref (src/serializers/postSerializer.js:25:32)
      at getRef (node_modules/jsonapi-serializer/lib/serializer-utils.js:42:19)
      at serializeRef (node_modules/jsonapi-serializer/lib/serializer-utils.js:165:14)
      at serialize (node_modules/jsonapi-serializer/lib/serializer-utils.js:125:21)
      at node_modules/jsonapi-serializer/lib/serializer-utils.js:263:14
      at arrayEach (node_modules/jsonapi-serializer/node_modules/lodash/index.js:1289:13)
      at Function.<anonymous> (node_modules/jsonapi-serializer/node_modules/lodash/index.js:3345:13)
      at perform (node_modules/jsonapi-serializer/lib/serializer-utils.js:250:7)
      at resource (node_modules/jsonapi-serializer/lib/serializer.js:34:20)
      at serialize (node_modules/jsonapi-serializer/lib/serializer.js:50:14)
      at PostSerializer.serialize (src/serializers/postSerializer.js:54:42)
      at Post.create (src/models/abstractModel.js:17:25)
      at Context.<anonymous> (test/social/testHashtagPublicSpace.js:69:7)

  3) SUITE - HASHTAG - PUBLIC SPACE creates new hashtag #TEsting:
     TypeError: Cannot read property 'id' of null
      at Object.ref (src/serializers/postSerializer.js:25:32)
      at getRef (node_modules/jsonapi-serializer/lib/serializer-utils.js:42:19)
      at serializeRef (node_modules/jsonapi-serializer/lib/serializer-utils.js:165:14)
      at serialize (node_modules/jsonapi-serializer/lib/serializer-utils.js:125:21)
      at node_modules/jsonapi-serializer/lib/serializer-utils.js:263:14
      at arrayEach (node_modules/jsonapi-serializer/node_modules/lodash/index.js:1289:13)
      at Function.<anonymous> (node_modules/jsonapi-serializer/node_modules/lodash/index.js:3345:13)
      at perform (node_modules/jsonapi-serializer/lib/serializer-utils.js:250:7)
      at resource (node_modules/jsonapi-serializer/lib/serializer.js:34:20)
      at serialize (node_modules/jsonapi-serializer/lib/serializer.js:50:14)
      at PostSerializer.serialize (src/serializers/postSerializer.js:54:42)
      at Post.create (src/models/abstractModel.js:17:25)
      at Context.<anonymous> (test/social/testHashtagPublicSpace.js:84:7)

  4) SUITE - HASHTAG - PUBLIC SPACE creates new hashtag #tesTING:
     TypeError: Cannot read property 'id' of null
      at Object.ref (src/serializers/postSerializer.js:25:32)
      at getRef (node_modules/jsonapi-serializer/lib/serializer-utils.js:42:19)
      at serializeRef (node_modules/jsonapi-serializer/lib/serializer-utils.js:165:14)
      at serialize (node_modules/jsonapi-serializer/lib/serializer-utils.js:125:21)
      at node_modules/jsonapi-serializer/lib/serializer-utils.js:263:14
      at arrayEach (node_modules/jsonapi-serializer/node_modules/lodash/index.js:1289:13)
      at Function.<anonymous> (node_modules/jsonapi-serializer/node_modules/lodash/index.js:3345:13)
      at perform (node_modules/jsonapi-serializer/lib/serializer-utils.js:250:7)
      at resource (node_modules/jsonapi-serializer/lib/serializer.js:34:20)
      at serialize (node_modules/jsonapi-serializer/lib/serializer.js:50:14)
      at PostSerializer.serialize (src/serializers/postSerializer.js:54:42)
      at Post.create (src/models/abstractModel.js:17:25)
      at Context.<anonymous> (test/social/testHashtagPublicSpace.js:99:7)

  5) SUITE - HASHTAG - PUBLIC SPACE creates new hashtag #TESTING:
     TypeError: Cannot read property 'id' of null
      at Object.ref (src/serializers/postSerializer.js:25:32)
      at getRef (node_modules/jsonapi-serializer/lib/serializer-utils.js:42:19)
      at serializeRef (node_modules/jsonapi-serializer/lib/serializer-utils.js:165:14)
      at serialize (node_modules/jsonapi-serializer/lib/serializer-utils.js:125:21)
      at node_modules/jsonapi-serializer/lib/serializer-utils.js:263:14
      at arrayEach (node_modules/jsonapi-serializer/node_modules/lodash/index.js:1289:13)
      at Function.<anonymous> (node_modules/jsonapi-serializer/node_modules/lodash/index.js:3345:13)
      at perform (node_modules/jsonapi-serializer/lib/serializer-utils.js:250:7)
      at resource (node_modules/jsonapi-serializer/lib/serializer.js:34:20)
      at serialize (node_modules/jsonapi-serializer/lib/serializer.js:50:14)
      at PostSerializer.serialize (src/serializers/postSerializer.js:54:42)
      at Post.create (src/models/abstractModel.js:17:25)
      at Context.<anonymous> (test/social/testHashtagPublicSpace.js:114:7)

  6) SUITE - HASHTAG - PUBLIC SPACE creates new hashtag #Testing:
     TypeError: Cannot read property 'id' of null
      at Object.ref (src/serializers/postSerializer.js:25:32)
      at getRef (node_modules/jsonapi-serializer/lib/serializer-utils.js:42:19)
      at serializeRef (node_modules/jsonapi-serializer/lib/serializer-utils.js:165:14)
      at serialize (node_modules/jsonapi-serializer/lib/serializer-utils.js:125:21)
      at node_modules/jsonapi-serializer/lib/serializer-utils.js:263:14
      at arrayEach (node_modules/jsonapi-serializer/node_modules/lodash/index.js:1289:13)
      at Function.<anonymous> (node_modules/jsonapi-serializer/node_modules/lodash/index.js:3345:13)
      at perform (node_modules/jsonapi-serializer/lib/serializer-utils.js:250:7)
      at resource (node_modules/jsonapi-serializer/lib/serializer.js:34:20)
      at serialize (node_modules/jsonapi-serializer/lib/serializer.js:50:14)
      at PostSerializer.serialize (src/serializers/postSerializer.js:54:42)
      at Post.create (src/models/abstractModel.js:17:25)
      at Context.<anonymous> (test/social/testHashtagPublicSpace.js:129:7)

  7) SUITE - HASHTAG - PUBLIC SPACE creates new hashtag #tÃ©sting:
     TypeError: Cannot read property 'id' of null
      at Object.ref (src/serializers/postSerializer.js:25:32)
      at getRef (node_modules/jsonapi-serializer/lib/serializer-utils.js:42:19)
      at serializeRef (node_modules/jsonapi-serializer/lib/serializer-utils.js:165:14)
      at serialize (node_modules/jsonapi-serializer/lib/serializer-utils.js:125:21)
      at node_modules/jsonapi-serializer/lib/serializer-utils.js:263:14
      at arrayEach (node_modules/jsonapi-serializer/node_modules/lodash/index.js:1289:13)
      at Function.<anonymous> (node_modules/jsonapi-serializer/node_modules/lodash/index.js:3345:13)
      at perform (node_modules/jsonapi-serializer/lib/serializer-utils.js:250:7)
      at resource (node_modules/jsonapi-serializer/lib/serializer.js:34:20)
      at serialize (node_modules/jsonapi-serializer/lib/serializer.js:50:14)
      at PostSerializer.serialize (src/serializers/postSerializer.js:54:42)
      at Post.create (src/models/abstractModel.js:17:25)
      at Context.<anonymous> (test/social/testHashtagPublicSpace.js:144:7)

  8) SUITE - HASHTAG - PUBLIC SPACE creates new hashtag #ðŸ˜€%&!:
     TypeError: Cannot read property 'id' of null
      at Object.ref (src/serializers/postSerializer.js:25:32)
      at getRef (node_modules/jsonapi-serializer/lib/serializer-utils.js:42:19)
      at serializeRef (node_modules/jsonapi-serializer/lib/serializer-utils.js:165:14)
      at serialize (node_modules/jsonapi-serializer/lib/serializer-utils.js:125:21)
      at node_modules/jsonapi-serializer/lib/serializer-utils.js:263:14
      at arrayEach (node_modules/jsonapi-serializer/node_modules/lodash/index.js:1289:13)
      at Function.<anonymous> (node_modules/jsonapi-serializer/node_modules/lodash/index.js:3345:13)
      at perform (node_modules/jsonapi-serializer/lib/serializer-utils.js:250:7)
      at resource (node_modules/jsonapi-serializer/lib/serializer.js:34:20)
      at serialize (node_modules/jsonapi-serializer/lib/serializer.js:50:14)
      at PostSerializer.serialize (src/serializers/postSerializer.js:54:42)
      at Post.create (src/models/abstractModel.js:17:25)
      at Context.<anonymous> (test/social/testHashtagPublicSpace.js:159:7)

  9) SUITE - HASHTAG - PUBLIC SPACE creates new hashtag #MarÃ­aGÃ¼illerminaGonÃ§alvesNuÃ±ezOcoÃ±or:
     TypeError: Cannot read property 'id' of null
      at Object.ref (src/serializers/postSerializer.js:25:32)
      at getRef (node_modules/jsonapi-serializer/lib/serializer-utils.js:42:19)
      at serializeRef (node_modules/jsonapi-serializer/lib/serializer-utils.js:165:14)
      at serialize (node_modules/jsonapi-serializer/lib/serializer-utils.js:125:21)
      at node_modules/jsonapi-serializer/lib/serializer-utils.js:263:14
      at arrayEach (node_modules/jsonapi-serializer/node_modules/lodash/index.js:1289:13)
      at Function.<anonymous> (node_modules/jsonapi-serializer/node_modules/lodash/index.js:3345:13)
      at perform (node_modules/jsonapi-serializer/lib/serializer-utils.js:250:7)
      at resource (node_modules/jsonapi-serializer/lib/serializer.js:34:20)
      at serialize (node_modules/jsonapi-serializer/lib/serializer.js:50:14)
      at PostSerializer.serialize (src/serializers/postSerializer.js:54:42)
      at Post.create (src/models/abstractModel.js:17:25)
      at Context.<anonymous> (test/social/testHashtagPublicSpace.js:174:7)

  10) SUITE - HASHTAG - PUBLIC SPACE creates new hashtag #estoEsVÃ¡lidoHastaAcÃ¡ðŸ˜€loQueSigueNoEntra:
     TypeError: Cannot read property 'id' of null
      at Object.ref (src/serializers/postSerializer.js:25:32)
      at getRef (node_modules/jsonapi-serializer/lib/serializer-utils.js:42:19)
      at serializeRef (node_modules/jsonapi-serializer/lib/serializer-utils.js:165:14)
      at serialize (node_modules/jsonapi-serializer/lib/serializer-utils.js:125:21)
      at node_modules/jsonapi-serializer/lib/serializer-utils.js:263:14
      at arrayEach (node_modules/jsonapi-serializer/node_modules/lodash/index.js:1289:13)
      at Function.<anonymous> (node_modules/jsonapi-serializer/node_modules/lodash/index.js:3345:13)
      at perform (node_modules/jsonapi-serializer/lib/serializer-utils.js:250:7)
      at resource (node_modules/jsonapi-serializer/lib/serializer.js:34:20)
      at serialize (node_modules/jsonapi-serializer/lib/serializer.js:50:14)
      at PostSerializer.serialize (src/serializers/postSerializer.js:54:42)
      at Post.create (src/models/abstractModel.js:17:25)
      at Context.<anonymous> (test/social/testHashtagPublicSpace.js:189:7)

  11) SUITE - HASHTAG - PUBLIC SPACE creates new hashtag ##testing:
     TypeError: Cannot read property 'id' of null
      at Object.ref (src/serializers/postSerializer.js:25:32)
      at getRef (node_modules/jsonapi-serializer/lib/serializer-utils.js:42:19)
      at serializeRef (node_modules/jsonapi-serializer/lib/serializer-utils.js:165:14)
      at serialize (node_modules/jsonapi-serializer/lib/serializer-utils.js:125:21)
      at node_modules/jsonapi-serializer/lib/serializer-utils.js:263:14
      at arrayEach (node_modules/jsonapi-serializer/node_modules/lodash/index.js:1289:13)
      at Function.<anonymous> (node_modules/jsonapi-serializer/node_modules/lodash/index.js:3345:13)
      at perform (node_modules/jsonapi-serializer/lib/serializer-utils.js:250:7)
      at resource (node_modules/jsonapi-serializer/lib/serializer.js:34:20)
      at serialize (node_modules/jsonapi-serializer/lib/serializer.js:50:14)
      at PostSerializer.serialize (src/serializers/postSerializer.js:54:42)
      at Post.create (src/models/abstractModel.js:17:25)
      at Context.<anonymous> (test/social/testHashtagPublicSpace.js:204:7)

  12) SUITE - HASHTAG - PUBLIC SPACE creates new hashtag #EstosSonDos#Hashtags:
     TypeError: Cannot read property 'id' of null
      at Object.ref (src/serializers/postSerializer.js:25:32)
      at getRef (node_modules/jsonapi-serializer/lib/serializer-utils.js:42:19)
      at serializeRef (node_modules/jsonapi-serializer/lib/serializer-utils.js:165:14)
      at serialize (node_modules/jsonapi-serializer/lib/serializer-utils.js:125:21)
      at node_modules/jsonapi-serializer/lib/serializer-utils.js:263:14
      at arrayEach (node_modules/jsonapi-serializer/node_modules/lodash/index.js:1289:13)
      at Function.<anonymous> (node_modules/jsonapi-serializer/node_modules/lodash/index.js:3345:13)
      at perform (node_modules/jsonapi-serializer/lib/serializer-utils.js:250:7)
      at resource (node_modules/jsonapi-serializer/lib/serializer.js:34:20)
      at serialize (node_modules/jsonapi-serializer/lib/serializer.js:50:14)
      at PostSerializer.serialize (src/serializers/postSerializer.js:54:42)
      at Post.create (src/models/abstractModel.js:17:25)
      at Context.<anonymous> (test/social/testHashtagPublicSpace.js:219:7)

  13) SUITE - HASHTAG - PUBLIC SPACE creates new hashtag #caracterÃ˜Especial #carÃ¢cterEspecial:
     TypeError: Cannot read property 'id' of null
      at Object.ref (src/serializers/postSerializer.js:25:32)
      at getRef (node_modules/jsonapi-serializer/lib/serializer-utils.js:42:19)
      at serializeRef (node_modules/jsonapi-serializer/lib/serializer-utils.js:165:14)
      at serialize (node_modules/jsonapi-serializer/lib/serializer-utils.js:125:21)
      at node_modules/jsonapi-serializer/lib/serializer-utils.js:263:14
      at arrayEach (node_modules/jsonapi-serializer/node_modules/lodash/index.js:1289:13)
      at Function.<anonymous> (node_modules/jsonapi-serializer/node_modules/lodash/index.js:3345:13)
      at perform (node_modules/jsonapi-serializer/lib/serializer-utils.js:250:7)
      at resource (node_modules/jsonapi-serializer/lib/serializer.js:34:20)
      at serialize (node_modules/jsonapi-serializer/lib/serializer.js:50:14)
      at PostSerializer.serialize (src/serializers/postSerializer.js:54:42)
      at Post.create (src/models/abstractModel.js:17:25)
      at Context.<anonymous> (test/social/testHashtagPublicSpace.js:234:7)

  14) SUITE - HASHTAG - PUBLIC SPACE Create comment on a post1 #testing:
     TypeError: Cannot read property 'id' of null
      at Object.ref (src/serializers/commentSerializer.js:16:33)
      at getRef (node_modules/jsonapi-serializer/lib/serializer-utils.js:42:19)
      at serializeRef (node_modules/jsonapi-serializer/lib/serializer-utils.js:165:14)
      at serialize (node_modules/jsonapi-serializer/lib/serializer-utils.js:125:21)
      at node_modules/jsonapi-serializer/lib/serializer-utils.js:263:14
      at arrayEach (node_modules/jsonapi-serializer/node_modules/lodash/index.js:1289:13)
      at Function.<anonymous> (node_modules/jsonapi-serializer/node_modules/lodash/index.js:3345:13)
      at perform (node_modules/jsonapi-serializer/lib/serializer-utils.js:250:7)
      at resource (node_modules/jsonapi-serializer/lib/serializer.js:34:20)
      at serialize (node_modules/jsonapi-serializer/lib/serializer.js:50:14)
      at CommentSerializer.serialize (src/serializers/commentSerializer.js:47:42)
      at Comment.create (src/models/abstractModel.js:17:25)
      at Context.<anonymous> (test/social/testHashtagPublicSpace.js:249:10)

  15) SUITE - HASHTAG - PUBLIC SPACE Create comment on a post2 #testing:
     TypeError: Cannot read property 'id' of null
      at Object.ref (src/serializers/commentSerializer.js:16:33)
      at getRef (node_modules/jsonapi-serializer/lib/serializer-utils.js:42:19)
      at serializeRef (node_modules/jsonapi-serializer/lib/serializer-utils.js:165:14)
      at serialize (node_modules/jsonapi-serializer/lib/serializer-utils.js:125:21)
      at node_modules/jsonapi-serializer/lib/serializer-utils.js:263:14
      at arrayEach (node_modules/jsonapi-serializer/node_modules/lodash/index.js:1289:13)
      at Function.<anonymous> (node_modules/jsonapi-serializer/node_modules/lodash/index.js:3345:13)
      at perform (node_modules/jsonapi-serializer/lib/serializer-utils.js:250:7)
      at resource (node_modules/jsonapi-serializer/lib/serializer.js:34:20)
      at serialize (node_modules/jsonapi-serializer/lib/serializer.js:50:14)
      at CommentSerializer.serialize (src/serializers/commentSerializer.js:47:42)
      at Comment.create (src/models/abstractModel.js:17:25)
      at Context.<anonymous> (test/social/testHashtagPublicSpace.js:264:10)

  16) SUITE - HASHTAG - PUBLIC SPACE Create response with hashtag to comment1 with hashtag:
     TypeError: Cannot read property 'id' of null
      at Object.ref (src/serializers/commentSerializer.js:16:33)
      at getRef (node_modules/jsonapi-serializer/lib/serializer-utils.js:42:19)
      at serializeRef (node_modules/jsonapi-serializer/lib/serializer-utils.js:165:14)
      at serialize (node_modules/jsonapi-serializer/lib/serializer-utils.js:125:21)
      at node_modules/jsonapi-serializer/lib/serializer-utils.js:263:14
      at arrayEach (node_modules/jsonapi-serializer/node_modules/lodash/index.js:1289:13)
      at Function.<anonymous> (node_modules/jsonapi-serializer/node_modules/lodash/index.js:3345:13)
      at perform (node_modules/jsonapi-serializer/lib/serializer-utils.js:250:7)
      at resource (node_modules/jsonapi-serializer/lib/serializer.js:34:20)
      at serialize (node_modules/jsonapi-serializer/lib/serializer.js:50:14)
      at CommentSerializer.serialize (src/serializers/commentSerializer.js:47:42)
      at Comment.create (src/models/abstractModel.js:17:25)
      at Context.<anonymous> (test/social/testHashtagPublicSpace.js:282:10)

  17) SUITE - HASHTAG - PUBLIC SPACE Create response with hashtag to comment2 with hashtag:
     TypeError: Cannot read property 'id' of null
      at Object.ref (src/serializers/commentSerializer.js:16:33)
      at getRef (node_modules/jsonapi-serializer/lib/serializer-utils.js:42:19)
      at serializeRef (node_modules/jsonapi-serializer/lib/serializer-utils.js:165:14)
      at serialize (node_modules/jsonapi-serializer/lib/serializer-utils.js:125:21)
      at node_modules/jsonapi-serializer/lib/serializer-utils.js:263:14
      at arrayEach (node_modules/jsonapi-serializer/node_modules/lodash/index.js:1289:13)
      at Function.<anonymous> (node_modules/jsonapi-serializer/node_modules/lodash/index.js:3345:13)
      at perform (node_modules/jsonapi-serializer/lib/serializer-utils.js:250:7)
      at resource (node_modules/jsonapi-serializer/lib/serializer.js:34:20)
      at serialize (node_modules/jsonapi-serializer/lib/serializer.js:50:14)
      at CommentSerializer.serialize (src/serializers/commentSerializer.js:47:42)
      at Comment.create (src/models/abstractModel.js:17:25)
      at Context.<anonymous> (test/social/testHashtagPublicSpace.js:297:10)

  18) SUITE - HASHTAG - PUBLIC SPACE Caso 1: gets posts filtering by hashtag - valid upper / lower case:
     TypeError: Cannot read property 'id' of null
      at Context.<anonymous> (test/social/testHashtagPublicSpace.js:312:27)

  19) SUITE - HASHTAG - PUBLIC SPACE Caso 2: Get posts filtering by hashtag - valid tilde:
     TypeError: Cannot read property 'id' of null
      at Context.<anonymous> (test/social/testHashtagPublicSpace.js:324:27)

  20) SUITE - HASHTAG - PUBLIC SPACE Caso 3: Get posts filtering by hashtag - validate special characters allowed:
     TypeError: Cannot read property 'id' of null
      at Context.<anonymous> (test/social/testHashtagPublicSpace.js:336:27)

  21) SUITE - HASHTAG - PUBLIC SPACE Caso 4: Get posts filtering by hashtag - validate to invalid character:
     TypeError: Cannot read property 'id' of null
      at Context.<anonymous> (test/social/testHashtagPublicSpace.js:348:27)

  22) SUITE - HASHTAG - PUBLIC SPACE Caso 5: Get posts filtering by hashtag - valid first hashtag:
     TypeError: Cannot read property 'id' of null
      at Context.<anonymous> (test/social/testHashtagPublicSpace.js:360:27)

  23) SUITE - HASHTAG - PUBLIC SPACE Caso 6: Get posts filtering by hashtag - validate hashtag second hashtag:
     TypeError: Cannot read property 'id' of null
      at Context.<anonymous> (test/social/testHashtagPublicSpace.js:372:27)

  24) SUITE - HASHTAG - PUBLIC SPACE Caso 7: Get all posts in the space:
     TypeError: Cannot read property 'id' of null
      at Context.<anonymous> (test/social/testHashtagPublicSpace.js:384:27)

  25) SUITE - HASHTAG - PUBLIC SPACE Caso 8: Get posts filtering by hashtag - valid range and pagination size 2:
     TypeError: Cannot read property 'id' of null
      at Context.<anonymous> (test/social/testHashtagPublicSpace.js:396:39)

  26) SUITE - HASHTAG - PUBLIC SPACE Caso 9: Get posts filtering by hashtag - valid range and pagination size 3:
     TypeError: Cannot read property 'id' of null
      at Context.<anonymous> (test/social/testHashtagPublicSpace.js:413:39)

  27) SUITE - HASHTAG - PUBLIC SPACE Caso 10: Get posts filtering by hashtag - olderThan:
     TypeError: Cannot read property 'id' of null
      at Context.<anonymous> (test/social/testHashtagPublicSpace.js:443:27)



