PRECONCIONES
TEST CASES
PRECONCIONES
TESTS CASES
PRECONCIONES
TESTS CASES
PRECONCIONES
