<testsuite name="Mocha Tests" tests="65" failures="3" errors="3" skipped="-1" timestamp="Thu, 22 Dec 2016 15:41:53 GMT" time="208.698">
<testcase classname="SUITE - GALLERIES" name="Precondición: Crea un topic" time="0.78"/>
<testcase classname="SUITE - GALLERIES" name="Precondición: se sube una imagen - file" time="0.907"/>
<testcase classname="SUITE - GALLERIES" name="Precondición: se crea un articulo" time="1.195"/>
<testcase classname="SUITE - GALLERIES" name="Caso 1: se crea una galeria - espacio publico" time="1.11"/>
<testcase classname="SUITE - GALLERIES" name="Caso 2: se crean galleryItem1 para una galeria" time="0.96"/>
<testcase classname="SUITE - GALLERIES" name="Caso 3: se crean galleryItem2 para una galeria" time="0.957"/>
<testcase classname="SUITE - GALLERIES" name="Caso 4: se crean galleryItem3 para una galeria" time="1.184"/>
<testcase classname="SUITE - GALLERIES" name="Caso 5: se crean galleryItem4 para una galeria" time="0.978"/>
<testcase classname="SUITE - GALLERIES" name="Caso 6: se modifica position de itemGallery" time="0.916"/>
<testcase classname="SUITE - GALLERIES" name="Caso 7: se obtienen items de una galeria" time="1.068"/>
<testcase classname="SUITE - GALLERIES" name="Caso 8: se obtienen items de una galeria" time="0.87"/>
<testcase classname="SUITE - GALLERIES" name="Caso 9: se obtienen datos para un galleryItem" time="0.649"/>
<testcase classname="SUITE - GALLERIES" name="Caso 10: se obtienen content-items filtrando por galeria" time="1.126"/>
<testcase classname="SUITE - GALLERIES" name="Caso 11: se obtienen content-items filtrando por articulo" time="0.81"/>
<testcase classname="SUITE - GALLERIES" name="Caso 12: se obtienen content-items sin filtros para contenido" time="0.908"/>
<testcase classname="SUITE - GALLERIES" name="Caso 13: se elimina un galleryItem un galleryItem" time="0.87"/>
<testcase classname="SUITE - GALLERIES" name="Caso 14: se obtienen datos para un galleryItem" time="0.684"/>
<testcase classname="SUITE - GALLERIES" name="Caso 15: se elimina una galeria con items" time="1.035"/>
<testcase classname="SUITE - GALLERIES" name="Caso 16: se obtienen datos para un galleryItem" time="0.612"/>
<testcase classname="SUITE - PLATFORM" name="should list a existing SINGLE platform on /platforms/&lt;subdomain&gt; GET" time="0.582"/>
<testcase classname="SUITE - PLATFORM" name="should list a existing SINGLE platform on /platforms/&lt;id&gt; GET" time="40.004"><failure>timeout of 40000ms exceeded. Ensure the done() callback is being called in this test.
Error: timeout of 40000ms exceeded. Ensure the done() callback is being called in this test.</failure></testcase>
<testcase classname="SUITE - PLATFORM" name="it should GET all the platforms" time="2.979"/>
<testcase classname="SUITE - PLATFORM" name="should update a SINGLE platform on /platforms/&lt;id&gt; PATCH" time="1.171"/>
<testcase classname="SUITE - PLATFORM" name="it should GET all the roles" time="1.122"/>
<testcase classname="SUITE - SOCIAL - HASHTAG - ESPACIO PRIVADO" name="Caso 1: Usuario no joineado - intenta postear un hashtag" time="1.014"/>
<testcase classname="SUITE - SOCIAL - HASHTAG - ESPACIO PRIVADO" name="Caso 2: Usuario creador del espacio - postea hashtag" time="1.43"/>
<testcase classname="SUITE - SOCIAL - HASHTAG - ESPACIO PRIVADO" name="Caso 3: Usuario creador del espacio - postea hashtag" time="1.463"/>
<testcase classname="SUITE - SOCIAL - HASHTAG - ESPACIO PRIVADO" name="Caso 4: Usuario basico obtiene posts filtrando por hashtag" time="1.092"/>
<testcase classname="SUITE - SOCIAL - HASHTAG - ESPACIO PRIVADO" name="Caso 5: Usuario Admin une a usuario básico - espacio privado" time="1.1"/>
<testcase classname="SUITE - SOCIAL - HASHTAG - ESPACIO PRIVADO" name="Caso 6: Usuario joineado - intenta postear un hashtag" time="1.574"/>
<testcase classname="SUITE - SOCIAL - HASHTAG - ESPACIO PRIVADO" name="Caso 7: Usuario básico - se joinea a espacio publico" time="0.974"/>
<testcase classname="SUITE - SOCIAL - HASHTAG - ESPACIO PRIVADO" name="Caso 8: Usuario joineado - postea hastag en espacio publico" time="1.15"/>
<testcase classname="SUITE - SOCIAL - HASHTAG - ESPACIO PRIVADO" name="Caso 9: Usuario admin filtra por hashtag por espacio privado" time="1.288"/>
<testcase classname="SUITE - SOCIAL - HASHTAG - ESPACIO PRIVADO" name="Caso 10: Usuario basico filtra por hashtag por espacio privado" time="1.163"/>
<testcase classname="SUITE - SOCIAL - HASHTAG - ESPACIO PRIVADO" name="Caso 11: Usuario basico filtra por hashtag por plataforma" time="1.284"/>
<testcase classname="SUITE - SOCIAL - HASHTAG - ESPACIO PUBLICO" name="Caso 1: Crea post con hashtag - palabra minúscula" time="1.731"/>
<testcase classname="SUITE - SOCIAL - HASHTAG - ESPACIO PUBLICO" name="Caso 2: Crea post con hashtag - palabra mayúscula" time="1.448"/>
<testcase classname="SUITE - SOCIAL - HASHTAG - ESPACIO PUBLICO" name="Caso 3: Crea post con hashtag - palabra mayúscula" time="4.464"/>
<testcase classname="SUITE - SOCIAL - HASHTAG - ESPACIO PUBLICO" name="Caso 4: Crea post con hashtag - palabra mayúscula" time="1.627"/>
<testcase classname="SUITE - SOCIAL - HASHTAG - ESPACIO PUBLICO" name="Caso 5: Crea post con hashtag - palabra mayúscula" time="1.31"/>
<testcase classname="SUITE - SOCIAL - HASHTAG - ESPACIO PUBLICO" name="Caso 6: Crea post con hashtag - palabra con tilde" time="1.948"/>
<testcase classname="SUITE - SOCIAL - HASHTAG - ESPACIO PUBLICO" name="Caso 7: Crea post con hashtag - símbolos" time="1.751"/>
<testcase classname="SUITE - SOCIAL - HASHTAG - ESPACIO PUBLICO" name="Caso 8: Crea post con hashtag - letras con cedilla, virgulilla, diéresis, apóstrofe" time="1.762"/>
<testcase classname="SUITE - SOCIAL - HASHTAG - ESPACIO PUBLICO" name="Caso 9: Crea post con hashtag - hasta el caracter inválido" time="1.371"/>
<testcase classname="SUITE - SOCIAL - HASHTAG - ESPACIO PUBLICO" name="Caso 10: Crea post con hashtag - doble numeral" time="1.689"/>
<testcase classname="SUITE - SOCIAL - HASHTAG - ESPACIO PUBLICO" name="Caso 11: Crea post con hashtag - Dos hashtags en el mismo post" time="1.501"/>
<testcase classname="SUITE - SOCIAL - HASHTAG - ESPACIO PUBLICO" name="Caso 12: Crea post con hashtag - Caracter especial Ø y â " time="1.326"/>
<testcase classname="SUITE - SOCIAL - HASHTAG - ESPACIO PUBLICO" name="Caso 13: Crea un comentario sobre un post1" time="1.018"/>
<testcase classname="SUITE - SOCIAL - HASHTAG - ESPACIO PUBLICO" name="Caso 14: Crea un comentario sobre un post2" time="1.369"/>
<testcase classname="SUITE - SOCIAL - HASHTAG - ESPACIO PUBLICO" name="Caso 15: Crea una respuesta con hashtag sobre un comentario1" time="1.672"/>
<testcase classname="SUITE - SOCIAL - HASHTAG - ESPACIO PUBLICO" name="Caso 16: Crea una respuesta con hashtag sobre un comentario2" time="1.323"/>
<testcase classname="SUITE - SOCIAL - HASHTAG - ESPACIO PUBLICO" name="Caso 17: Obtiene posts filtrando por hashtag - valida mayúscula/minúscula" time="1.109"/>
<testcase classname="SUITE - SOCIAL - HASHTAG - ESPACIO PUBLICO" name="Caso 18: Obtiene posts filtando por hashtag - valida tilde" time="1.14"/>
<testcase classname="SUITE - SOCIAL - HASHTAG - ESPACIO PUBLICO" name="Caso 19: Obtiene posts filtando por hashtag - valida caracteres especiales permitidos" time="1.353"><failure>Cannot read property 'should' of undefined
TypeError: Cannot read property 'should' of undefined
    at test/platforms/testsPlatform.js:82:4
    at Test.Request.callback (node_modules/superagent/lib/node/index.js:615:12)
    at ClientRequest.&lt;anonymous&gt; (node_modules/superagent/lib/node/index.js:567:10)
    at Socket.socketErrorListener (_http_client.js:308:9)
    at emitErrorNT (net.js:1271:8)
    at _combinedTickCallback (internal/process/next_tick.js:74:11)
    at process._tickCallback (internal/process/next_tick.js:98:9)</failure></testcase>
<testcase classname="SUITE - SOCIAL - HASHTAG - ESPACIO PUBLICO" name="Caso 20: Obtiene posts filtando por hashtag - valida hasta el caracter inválido" time="1.053"/>
<testcase classname="SUITE - SOCIAL - HASHTAG - ESPACIO PUBLICO" name="Caso 21: Obtiene posts filtando por hashtag - valida primer hashtag" time="1.096"/>
<testcase classname="SUITE - SOCIAL - HASHTAG - ESPACIO PUBLICO" name="Caso 22: Obtiene posts filtando por hashtag - valida segundo hashtag hashtag" time="1.122"/>
<testcase classname="SUITE - SOCIAL - HASHTAG - ESPACIO PUBLICO" name="Caso 23: Obtiene todos los posts del espacio" time="1.596"/>
<testcase classname="SUITE - SOCIAL - HASHTAG - ESPACIO PUBLICO" name="Caso 24: Obtiene los comentarios de un post" time="1.181"/>
<testcase classname="SUITE - SOCIAL - HASHTAG - ESPACIO PUBLICO" name="Caso 25: Obtiene las respuestas a un comentario" time="0.892"/>
<testcase classname="SUITE - SOCIAL - HASHTAG - ESPACIO PUBLICO" name="Caso 26: Obtiene posts filtrando por hashtag - valida rango y paginado tamaño 2" time="0.792"/>
<testcase classname="SUITE - SOCIAL - HASHTAG - ESPACIO PUBLICO" name="Caso 27: Obtiene posts filtrando por hashtag - valida rango y paginado tamaño 3" time="1.02"/>
<testcase classname="SUITE - SOCIAL - HASHTAG - ESPACIO PUBLICO" name="Caso 28: Obtiene posts filtrando por hashtag - olderThan" time="0.857"/>
<testcase classname="SUITE - SOCIAL - HASHTAG - SUGERENCIAS" name="&quot;before all&quot; hook" time="0"><failure>Cannot set property 'state' of undefined
TypeError: Cannot set property 'state' of undefined
    at test/social/testHashtagPublicSpace.js:959:3
    at Test.Request.callback (node_modules/superagent/lib/node/index.js:619:12)
    at node_modules/superagent/lib/node/index.js:795:18
    at Stream.&lt;anonymous&gt; (node_modules/superagent/lib/node/parsers/json.js:16:7)
    at Unzip.&lt;anonymous&gt; (node_modules/superagent/lib/node/utils.js:112:12)
    at endReadableNT (_stream_readable.js:974:12)
    at _combinedTickCallback (internal/process/next_tick.js:74:11)
    at process._tickCallback (internal/process/next_tick.js:98:9)</failure></testcase>
<testcase classname="SUITE - USERS" name="should list a existing basic user on /users/&lt;id&gt; GET" time="0.754"/>
<testcase classname="SUITE - USERS" name="should list a existing adminSpaceUser user on /users/&lt;id&gt; GET" time="0.535"/>
</testsuite>
